{"/Users/deejay/Turing/Mod4/color-picker/color-picker-api/app.js": {"path":"/Users/deejay/Turing/Mod4/color-picker/color-picker-api/app.js","statementMap":{"0":{"start":{"line":1,"column":16},"end":{"line":1,"column":34}},"1":{"start":{"line":2,"column":12},"end":{"line":2,"column":21}},"2":{"start":{"line":3,"column":20},"end":{"line":3,"column":57}},"3":{"start":{"line":4,"column":22},"end":{"line":4,"column":56}},"4":{"start":{"line":5,"column":17},"end":{"line":5,"column":47}},"5":{"start":{"line":6,"column":13},"end":{"line":6,"column":28}},"6":{"start":{"line":8,"column":0},"end":{"line":8,"column":22}},"7":{"start":{"line":9,"column":0},"end":{"line":9,"column":24}},"8":{"start":{"line":10,"column":0},"end":{"line":10,"column":16}},"9":{"start":{"line":12,"column":0},"end":{"line":14,"column":3}},"10":{"start":{"line":13,"column":2},"end":{"line":13,"column":48}},"11":{"start":{"line":16,"column":0},"end":{"line":31,"column":3}},"12":{"start":{"line":17,"column":19},"end":{"line":17,"column":31}},"13":{"start":{"line":18,"column":30},"end":{"line":18,"column":38}},"14":{"start":{"line":19,"column":2},"end":{"line":24,"column":3}},"15":{"start":{"line":20,"column":4},"end":{"line":23,"column":5}},"16":{"start":{"line":21,"column":6},"end":{"line":22,"column":127}},"17":{"start":{"line":25,"column":15},"end":{"line":25,"column":68}},"18":{"start":{"line":26,"column":2},"end":{"line":30,"column":3}},"19":{"start":{"line":27,"column":4},"end":{"line":27,"column":52}},"20":{"start":{"line":29,"column":4},"end":{"line":29,"column":71}},"21":{"start":{"line":33,"column":0},"end":{"line":38,"column":2}},"22":{"start":{"line":34,"column":17},"end":{"line":34,"column":31}},"23":{"start":{"line":35,"column":23},"end":{"line":35,"column":79}},"24":{"start":{"line":37,"column":2},"end":{"line":37,"column":48}},"25":{"start":{"line":40,"column":0},"end":{"line":45,"column":3}},"26":{"start":{"line":41,"column":17},"end":{"line":41,"column":31}},"27":{"start":{"line":42,"column":26},"end":{"line":42,"column":85}},"28":{"start":{"line":44,"column":2},"end":{"line":44,"column":51}},"29":{"start":{"line":47,"column":0},"end":{"line":56,"column":3}},"30":{"start":{"line":48,"column":19},"end":{"line":48,"column":32}},"31":{"start":{"line":49,"column":2},"end":{"line":55,"column":3}},"32":{"start":{"line":50,"column":28},"end":{"line":50,"column":98}},"33":{"start":{"line":51,"column":4},"end":{"line":51,"column":53}},"34":{"start":{"line":53,"column":22},"end":{"line":53,"column":57}},"35":{"start":{"line":54,"column":5},"end":{"line":54,"column":47}},"36":{"start":{"line":58,"column":0},"end":{"line":74,"column":3}},"37":{"start":{"line":59,"column":18},"end":{"line":59,"column":30}},"38":{"start":{"line":60,"column":2},"end":{"line":66,"column":3}},"39":{"start":{"line":61,"column":4},"end":{"line":65,"column":5}},"40":{"start":{"line":62,"column":6},"end":{"line":64,"column":9}},"41":{"start":{"line":67,"column":21},"end":{"line":67,"column":82}},"42":{"start":{"line":68,"column":2},"end":{"line":73,"column":3}},"43":{"start":{"line":69,"column":4},"end":{"line":69,"column":71}},"44":{"start":{"line":71,"column":18},"end":{"line":71,"column":63}},"45":{"start":{"line":72,"column":4},"end":{"line":72,"column":55}},"46":{"start":{"line":76,"column":0},"end":{"line":87,"column":3}},"47":{"start":{"line":77,"column":21},"end":{"line":77,"column":33}},"48":{"start":{"line":78,"column":2},"end":{"line":84,"column":3}},"49":{"start":{"line":79,"column":4},"end":{"line":83,"column":5}},"50":{"start":{"line":80,"column":6},"end":{"line":82,"column":9}},"51":{"start":{"line":85,"column":16},"end":{"line":85,"column":67}},"52":{"start":{"line":86,"column":2},"end":{"line":86,"column":53}},"53":{"start":{"line":89,"column":0},"end":{"line":100,"column":3}},"54":{"start":{"line":90,"column":21},"end":{"line":90,"column":33}},"55":{"start":{"line":91,"column":2},"end":{"line":97,"column":3}},"56":{"start":{"line":92,"column":4},"end":{"line":96,"column":5}},"57":{"start":{"line":93,"column":6},"end":{"line":95,"column":9}},"58":{"start":{"line":98,"column":16},"end":{"line":98,"column":67}},"59":{"start":{"line":99,"column":2},"end":{"line":99,"column":53}},"60":{"start":{"line":102,"column":0},"end":{"line":113,"column":3}},"61":{"start":{"line":103,"column":17},"end":{"line":103,"column":31}},"62":{"start":{"line":104,"column":24},"end":{"line":104,"column":74}},"63":{"start":{"line":105,"column":2},"end":{"line":112,"column":3}},"64":{"start":{"line":106,"column":4},"end":{"line":106,"column":56}},"65":{"start":{"line":107,"column":4},"end":{"line":107,"column":39}},"66":{"start":{"line":109,"column":4},"end":{"line":111,"column":7}},"67":{"start":{"line":115,"column":0},"end":{"line":130,"column":3}},"68":{"start":{"line":116,"column":17},"end":{"line":116,"column":31}},"69":{"start":{"line":117,"column":24},"end":{"line":117,"column":74}},"70":{"start":{"line":118,"column":2},"end":{"line":129,"column":3}},"71":{"start":{"line":119,"column":21},"end":{"line":119,"column":80}},"72":{"start":{"line":120,"column":4},"end":{"line":122,"column":6}},"73":{"start":{"line":121,"column":6},"end":{"line":121,"column":71}},"74":{"start":{"line":123,"column":4},"end":{"line":123,"column":53}},"75":{"start":{"line":124,"column":4},"end":{"line":124,"column":39}},"76":{"start":{"line":126,"column":4},"end":{"line":128,"column":7}},"77":{"start":{"line":132,"column":0},"end":{"line":143,"column":3}},"78":{"start":{"line":133,"column":17},"end":{"line":133,"column":31}},"79":{"start":{"line":134,"column":18},"end":{"line":134,"column":35}},"80":{"start":{"line":135,"column":24},"end":{"line":135,"column":74}},"81":{"start":{"line":136,"column":2},"end":{"line":142,"column":3}},"82":{"start":{"line":137,"column":4},"end":{"line":137,"column":71}},"83":{"start":{"line":138,"column":27},"end":{"line":138,"column":77}},"84":{"start":{"line":139,"column":4},"end":{"line":139,"column":53}},"85":{"start":{"line":141,"column":4},"end":{"line":141,"column":80}},"86":{"start":{"line":145,"column":0},"end":{"line":156,"column":3}},"87":{"start":{"line":146,"column":17},"end":{"line":146,"column":31}},"88":{"start":{"line":147,"column":18},"end":{"line":147,"column":35}},"89":{"start":{"line":148,"column":24},"end":{"line":148,"column":74}},"90":{"start":{"line":149,"column":2},"end":{"line":155,"column":3}},"91":{"start":{"line":150,"column":4},"end":{"line":150,"column":71}},"92":{"start":{"line":151,"column":27},"end":{"line":151,"column":77}},"93":{"start":{"line":152,"column":4},"end":{"line":152,"column":53}},"94":{"start":{"line":154,"column":4},"end":{"line":154,"column":80}},"95":{"start":{"line":158,"column":0},"end":{"line":158,"column":21}}},"fnMap":{"0":{"name":"(anonymous_0)","decl":{"start":{"line":12,"column":13},"end":{"line":12,"column":14}},"loc":{"start":{"line":12,"column":36},"end":{"line":14,"column":1}},"line":12},"1":{"name":"(anonymous_1)","decl":{"start":{"line":16,"column":24},"end":{"line":16,"column":25}},"loc":{"start":{"line":16,"column":53},"end":{"line":31,"column":1}},"line":16},"2":{"name":"(anonymous_2)","decl":{"start":{"line":33,"column":25},"end":{"line":33,"column":26}},"loc":{"start":{"line":33,"column":54},"end":{"line":38,"column":1}},"line":33},"3":{"name":"(anonymous_3)","decl":{"start":{"line":40,"column":25},"end":{"line":40,"column":26}},"loc":{"start":{"line":40,"column":54},"end":{"line":45,"column":1}},"line":40},"4":{"name":"(anonymous_4)","decl":{"start":{"line":47,"column":21},"end":{"line":47,"column":22}},"loc":{"start":{"line":47,"column":50},"end":{"line":56,"column":1}},"line":47},"5":{"name":"(anonymous_5)","decl":{"start":{"line":58,"column":25},"end":{"line":58,"column":26}},"loc":{"start":{"line":58,"column":54},"end":{"line":74,"column":1}},"line":58},"6":{"name":"(anonymous_6)","decl":{"start":{"line":76,"column":22},"end":{"line":76,"column":23}},"loc":{"start":{"line":76,"column":51},"end":{"line":87,"column":1}},"line":76},"7":{"name":"(anonymous_7)","decl":{"start":{"line":89,"column":22},"end":{"line":89,"column":23}},"loc":{"start":{"line":89,"column":51},"end":{"line":100,"column":1}},"line":89},"8":{"name":"(anonymous_8)","decl":{"start":{"line":102,"column":28},"end":{"line":102,"column":29}},"loc":{"start":{"line":102,"column":57},"end":{"line":113,"column":1}},"line":102},"9":{"name":"(anonymous_9)","decl":{"start":{"line":115,"column":28},"end":{"line":115,"column":29}},"loc":{"start":{"line":115,"column":57},"end":{"line":130,"column":1}},"line":115},"10":{"name":"(anonymous_10)","decl":{"start":{"line":120,"column":22},"end":{"line":120,"column":23}},"loc":{"start":{"line":120,"column":39},"end":{"line":122,"column":5}},"line":120},"11":{"name":"(anonymous_11)","decl":{"start":{"line":132,"column":27},"end":{"line":132,"column":28}},"loc":{"start":{"line":132,"column":56},"end":{"line":143,"column":1}},"line":132},"12":{"name":"(anonymous_12)","decl":{"start":{"line":145,"column":27},"end":{"line":145,"column":28}},"loc":{"start":{"line":145,"column":56},"end":{"line":156,"column":1}},"line":145}},"branchMap":{"0":{"loc":{"start":{"line":3,"column":20},"end":{"line":3,"column":57}},"type":"binary-expr","locations":[{"start":{"line":3,"column":20},"end":{"line":3,"column":40}},{"start":{"line":3,"column":44},"end":{"line":3,"column":57}}],"line":3},"1":{"loc":{"start":{"line":20,"column":4},"end":{"line":23,"column":5}},"type":"if","locations":[{"start":{"line":20,"column":4},"end":{"line":23,"column":5}},{"start":{"line":20,"column":4},"end":{"line":23,"column":5}}],"line":20},"2":{"loc":{"start":{"line":26,"column":2},"end":{"line":30,"column":3}},"type":"if","locations":[{"start":{"line":26,"column":2},"end":{"line":30,"column":3}},{"start":{"line":26,"column":2},"end":{"line":30,"column":3}}],"line":26},"3":{"loc":{"start":{"line":26,"column":6},"end":{"line":26,"column":40}},"type":"binary-expr","locations":[{"start":{"line":26,"column":6},"end":{"line":26,"column":10}},{"start":{"line":26,"column":14},"end":{"line":26,"column":40}}],"line":26},"4":{"loc":{"start":{"line":49,"column":2},"end":{"line":55,"column":3}},"type":"if","locations":[{"start":{"line":49,"column":2},"end":{"line":55,"column":3}},{"start":{"line":49,"column":2},"end":{"line":55,"column":3}}],"line":49},"5":{"loc":{"start":{"line":61,"column":4},"end":{"line":65,"column":5}},"type":"if","locations":[{"start":{"line":61,"column":4},"end":{"line":65,"column":5}},{"start":{"line":61,"column":4},"end":{"line":65,"column":5}}],"line":61},"6":{"loc":{"start":{"line":68,"column":2},"end":{"line":73,"column":3}},"type":"if","locations":[{"start":{"line":68,"column":2},"end":{"line":73,"column":3}},{"start":{"line":68,"column":2},"end":{"line":73,"column":3}}],"line":68},"7":{"loc":{"start":{"line":79,"column":4},"end":{"line":83,"column":5}},"type":"if","locations":[{"start":{"line":79,"column":4},"end":{"line":83,"column":5}},{"start":{"line":79,"column":4},"end":{"line":83,"column":5}}],"line":79},"8":{"loc":{"start":{"line":92,"column":4},"end":{"line":96,"column":5}},"type":"if","locations":[{"start":{"line":92,"column":4},"end":{"line":96,"column":5}},{"start":{"line":92,"column":4},"end":{"line":96,"column":5}}],"line":92},"9":{"loc":{"start":{"line":105,"column":2},"end":{"line":112,"column":3}},"type":"if","locations":[{"start":{"line":105,"column":2},"end":{"line":112,"column":3}},{"start":{"line":105,"column":2},"end":{"line":112,"column":3}}],"line":105},"10":{"loc":{"start":{"line":118,"column":2},"end":{"line":129,"column":3}},"type":"if","locations":[{"start":{"line":118,"column":2},"end":{"line":129,"column":3}},{"start":{"line":118,"column":2},"end":{"line":129,"column":3}}],"line":118},"11":{"loc":{"start":{"line":136,"column":2},"end":{"line":142,"column":3}},"type":"if","locations":[{"start":{"line":136,"column":2},"end":{"line":142,"column":3}},{"start":{"line":136,"column":2},"end":{"line":142,"column":3}}],"line":136},"12":{"loc":{"start":{"line":149,"column":2},"end":{"line":155,"column":3}},"type":"if","locations":[{"start":{"line":149,"column":2},"end":{"line":155,"column":3}},{"start":{"line":149,"column":2},"end":{"line":155,"column":3}}],"line":149}},"s":{"0":1,"1":1,"2":1,"3":1,"4":1,"5":1,"6":1,"7":1,"8":1,"9":1,"10":1,"11":1,"12":3,"13":3,"14":3,"15":5,"16":1,"17":2,"18":2,"19":1,"20":1,"21":1,"22":1,"23":1,"24":1,"25":1,"26":1,"27":1,"28":1,"29":1,"30":2,"31":2,"32":1,"33":1,"34":1,"35":1,"36":1,"37":3,"38":3,"39":5,"40":1,"41":2,"42":2,"43":1,"44":1,"45":1,"46":1,"47":2,"48":2,"49":4,"50":1,"51":1,"52":1,"53":1,"54":2,"55":2,"56":5,"57":1,"58":1,"59":1,"60":1,"61":1,"62":1,"63":1,"64":1,"65":1,"66":0,"67":1,"68":1,"69":1,"70":1,"71":1,"72":1,"73":2,"74":1,"75":1,"76":0,"77":1,"78":1,"79":1,"80":1,"81":1,"82":1,"83":1,"84":1,"85":0,"86":1,"87":1,"88":1,"89":1,"90":1,"91":1,"92":1,"93":1,"94":0,"95":1},"f":{"0":1,"1":3,"2":1,"3":1,"4":2,"5":3,"6":2,"7":2,"8":1,"9":1,"10":2,"11":1,"12":1},"b":{"0":[1,0],"1":[1,4],"2":[1,1],"3":[2,1],"4":[1,1],"5":[1,4],"6":[1,1],"7":[1,3],"8":[1,4],"9":[1,0],"10":[1,0],"11":[1,0],"12":[1,0]},"_coverageSchema":"43e27e138ebf9cfc5966b082cf9a028302ed4184","hash":"da586aac61b5f705d8e211a67cc2ac32e8136957"}
,"/Users/deejay/Turing/Mod4/color-picker/color-picker-api/knexfile.js": {"path":"/Users/deejay/Turing/Mod4/color-picker/color-picker-api/knexfile.js","statementMap":{"0":{"start":{"line":3,"column":0},"end":{"line":72,"column":2}}},"fnMap":{},"branchMap":{},"s":{"0":1},"f":{},"b":{},"_coverageSchema":"43e27e138ebf9cfc5966b082cf9a028302ed4184","hash":"34c504b0716aaa6cb89fdc3a61238eca1a43fbe9"}
,"/Users/deejay/Turing/Mod4/color-picker/color-picker-api/db/seeds/users.js": {"path":"/Users/deejay/Turing/Mod4/color-picker/color-picker-api/db/seeds/users.js","statementMap":{"0":{"start":{"line":1,"column":14},"end":{"line":53,"column":1}},"1":{"start":{"line":55,"column":19},"end":{"line":67,"column":1}},"2":{"start":{"line":56,"column":2},"end":{"line":66,"column":6}},"3":{"start":{"line":61,"column":28},"end":{"line":64,"column":12}},"4":{"start":{"line":62,"column":8},"end":{"line":62,"column":71}},"5":{"start":{"line":63,"column":8},"end":{"line":63,"column":18}},"6":{"start":{"line":65,"column":6},"end":{"line":65,"column":41}},"7":{"start":{"line":69,"column":22},"end":{"line":81,"column":1}},"8":{"start":{"line":70,"column":2},"end":{"line":80,"column":4}},"9":{"start":{"line":75,"column":26},"end":{"line":78,"column":10}},"10":{"start":{"line":76,"column":6},"end":{"line":76,"column":77}},"11":{"start":{"line":77,"column":6},"end":{"line":77,"column":16}},"12":{"start":{"line":79,"column":4},"end":{"line":79,"column":39}},"13":{"start":{"line":83,"column":22},"end":{"line":85,"column":1}},"14":{"start":{"line":84,"column":2},"end":{"line":84,"column":41}},"15":{"start":{"line":87,"column":0},"end":{"line":100,"column":2}},"16":{"start":{"line":88,"column":2},"end":{"line":99,"column":64}},"17":{"start":{"line":90,"column":16},"end":{"line":90,"column":38}},"18":{"start":{"line":91,"column":16},"end":{"line":91,"column":35}},"19":{"start":{"line":93,"column":25},"end":{"line":96,"column":12}},"20":{"start":{"line":94,"column":8},"end":{"line":94,"column":40}},"21":{"start":{"line":95,"column":8},"end":{"line":95,"column":18}},"22":{"start":{"line":97,"column":6},"end":{"line":97,"column":38}},"23":{"start":{"line":99,"column":20},"end":{"line":99,"column":63}}},"fnMap":{"0":{"name":"(anonymous_0)","decl":{"start":{"line":55,"column":19},"end":{"line":55,"column":20}},"loc":{"start":{"line":55,"column":35},"end":{"line":67,"column":1}},"line":55},"1":{"name":"(anonymous_1)","decl":{"start":{"line":60,"column":10},"end":{"line":60,"column":11}},"loc":{"start":{"line":60,"column":20},"end":{"line":66,"column":5}},"line":60},"2":{"name":"(anonymous_2)","decl":{"start":{"line":61,"column":49},"end":{"line":61,"column":50}},"loc":{"start":{"line":61,"column":67},"end":{"line":64,"column":7}},"line":61},"3":{"name":"(anonymous_3)","decl":{"start":{"line":69,"column":22},"end":{"line":69,"column":23}},"loc":{"start":{"line":69,"column":41},"end":{"line":81,"column":1}},"line":69},"4":{"name":"(anonymous_4)","decl":{"start":{"line":74,"column":8},"end":{"line":74,"column":9}},"loc":{"start":{"line":74,"column":21},"end":{"line":80,"column":3}},"line":74},"5":{"name":"(anonymous_5)","decl":{"start":{"line":75,"column":50},"end":{"line":75,"column":51}},"loc":{"start":{"line":75,"column":68},"end":{"line":78,"column":5}},"line":75},"6":{"name":"(anonymous_6)","decl":{"start":{"line":83,"column":22},"end":{"line":83,"column":23}},"loc":{"start":{"line":83,"column":41},"end":{"line":85,"column":1}},"line":83},"7":{"name":"(anonymous_7)","decl":{"start":{"line":87,"column":15},"end":{"line":87,"column":16}},"loc":{"start":{"line":87,"column":23},"end":{"line":100,"column":1}},"line":87},"8":{"name":"(anonymous_8)","decl":{"start":{"line":90,"column":10},"end":{"line":90,"column":11}},"loc":{"start":{"line":90,"column":16},"end":{"line":90,"column":38}},"line":90},"9":{"name":"(anonymous_9)","decl":{"start":{"line":91,"column":10},"end":{"line":91,"column":11}},"loc":{"start":{"line":91,"column":16},"end":{"line":91,"column":35}},"line":91},"10":{"name":"(anonymous_10)","decl":{"start":{"line":92,"column":10},"end":{"line":92,"column":11}},"loc":{"start":{"line":92,"column":16},"end":{"line":98,"column":5}},"line":92},"11":{"name":"(anonymous_11)","decl":{"start":{"line":93,"column":38},"end":{"line":93,"column":39}},"loc":{"start":{"line":93,"column":53},"end":{"line":96,"column":7}},"line":93},"12":{"name":"(anonymous_12)","decl":{"start":{"line":99,"column":11},"end":{"line":99,"column":12}},"loc":{"start":{"line":99,"column":20},"end":{"line":99,"column":63}},"line":99}},"branchMap":{},"s":{"0":1,"1":1,"2":38,"3":38,"4":57,"5":57,"6":38,"7":1,"8":57,"9":57,"10":114,"11":114,"12":57,"13":1,"14":114,"15":1,"16":19,"17":19,"18":19,"19":19,"20":38,"21":38,"22":19,"23":0},"f":{"0":38,"1":38,"2":57,"3":57,"4":57,"5":114,"6":114,"7":19,"8":19,"9":19,"10":19,"11":38,"12":0},"b":{},"_coverageSchema":"43e27e138ebf9cfc5966b082cf9a028302ed4184","hash":"a1a6084f3ff1c42b4da021f3c2ab3b282f369bd5"}
}
