TN:
SF:/Users/deejay/Turing/Mod4/color-picker/color-picker-api/app.js
FN:12,(anonymous_0)
FN:16,(anonymous_1)
FN:33,(anonymous_2)
FN:40,(anonymous_3)
FN:47,(anonymous_4)
FN:58,(anonymous_5)
FN:76,(anonymous_6)
FN:89,(anonymous_7)
FN:102,(anonymous_8)
FN:115,(anonymous_9)
FN:120,(anonymous_10)
FN:132,(anonymous_11)
FN:145,(anonymous_12)
FNF:13
FNH:13
FNDA:1,(anonymous_0)
FNDA:3,(anonymous_1)
FNDA:1,(anonymous_2)
FNDA:1,(anonymous_3)
FNDA:2,(anonymous_4)
FNDA:3,(anonymous_5)
FNDA:2,(anonymous_6)
FNDA:2,(anonymous_7)
FNDA:1,(anonymous_8)
FNDA:1,(anonymous_9)
FNDA:2,(anonymous_10)
FNDA:1,(anonymous_11)
FNDA:1,(anonymous_12)
DA:1,1
DA:2,1
DA:3,1
DA:4,1
DA:5,1
DA:6,1
DA:8,1
DA:9,1
DA:10,1
DA:12,1
DA:13,1
DA:16,1
DA:17,3
DA:18,3
DA:19,3
DA:20,5
DA:21,1
DA:25,2
DA:26,2
DA:27,1
DA:29,1
DA:33,1
DA:34,1
DA:35,1
DA:37,1
DA:40,1
DA:41,1
DA:42,1
DA:44,1
DA:47,1
DA:48,2
DA:49,2
DA:50,1
DA:51,1
DA:53,1
DA:54,1
DA:58,1
DA:59,3
DA:60,3
DA:61,5
DA:62,1
DA:67,2
DA:68,2
DA:69,1
DA:71,1
DA:72,1
DA:76,1
DA:77,2
DA:78,2
DA:79,4
DA:80,1
DA:85,1
DA:86,1
DA:89,1
DA:90,2
DA:91,2
DA:92,5
DA:93,1
DA:98,1
DA:99,1
DA:102,1
DA:103,1
DA:104,1
DA:105,1
DA:106,1
DA:107,1
DA:109,0
DA:115,1
DA:116,1
DA:117,1
DA:118,1
DA:119,1
DA:120,1
DA:121,2
DA:123,1
DA:124,1
DA:126,0
DA:132,1
DA:133,1
DA:134,1
DA:135,1
DA:136,1
DA:137,1
DA:138,1
DA:139,1
DA:141,0
DA:145,1
DA:146,1
DA:147,1
DA:148,1
DA:149,1
DA:150,1
DA:151,1
DA:152,1
DA:154,0
DA:158,1
LF:96
LH:92
BRDA:3,0,0,1
BRDA:3,0,1,0
BRDA:20,1,0,1
BRDA:20,1,1,4
BRDA:26,2,0,1
BRDA:26,2,1,1
BRDA:26,3,0,2
BRDA:26,3,1,1
BRDA:49,4,0,1
BRDA:49,4,1,1
BRDA:61,5,0,1
BRDA:61,5,1,4
BRDA:68,6,0,1
BRDA:68,6,1,1
BRDA:79,7,0,1
BRDA:79,7,1,3
BRDA:92,8,0,1
BRDA:92,8,1,4
BRDA:105,9,0,1
BRDA:105,9,1,0
BRDA:118,10,0,1
BRDA:118,10,1,0
BRDA:136,11,0,1
BRDA:136,11,1,0
BRDA:149,12,0,1
BRDA:149,12,1,0
BRF:26
BRH:21
end_of_record
TN:
SF:/Users/deejay/Turing/Mod4/color-picker/color-picker-api/knexfile.js
FNF:0
FNH:0
DA:3,1
LF:1
LH:1
BRF:0
BRH:0
end_of_record
TN:
SF:/Users/deejay/Turing/Mod4/color-picker/color-picker-api/db/seeds/users.js
FN:55,(anonymous_0)
FN:60,(anonymous_1)
FN:61,(anonymous_2)
FN:69,(anonymous_3)
FN:74,(anonymous_4)
FN:75,(anonymous_5)
FN:83,(anonymous_6)
FN:87,(anonymous_7)
FN:90,(anonymous_8)
FN:91,(anonymous_9)
FN:92,(anonymous_10)
FN:93,(anonymous_11)
FN:99,(anonymous_12)
FNF:13
FNH:12
FNDA:38,(anonymous_0)
FNDA:38,(anonymous_1)
FNDA:57,(anonymous_2)
FNDA:57,(anonymous_3)
FNDA:57,(anonymous_4)
FNDA:114,(anonymous_5)
FNDA:114,(anonymous_6)
FNDA:19,(anonymous_7)
FNDA:19,(anonymous_8)
FNDA:19,(anonymous_9)
FNDA:19,(anonymous_10)
FNDA:38,(anonymous_11)
FNDA:0,(anonymous_12)
DA:1,1
DA:55,1
DA:56,38
DA:61,38
DA:62,57
DA:63,57
DA:65,38
DA:69,1
DA:70,57
DA:75,57
DA:76,114
DA:77,114
DA:79,57
DA:83,1
DA:84,114
DA:87,1
DA:88,19
DA:90,19
DA:91,19
DA:93,19
DA:94,38
DA:95,38
DA:97,19
DA:99,0
LF:24
LH:23
BRF:0
BRH:0
end_of_record
